<?xml version="1.0" encoding="UTF-8"?>
<!-- Generated by org.testng.reporters.JUnitReportReporter -->
<testsuite skipped="0" hostname="DESKTOP-6AV1G2T" name="test.Login" tests="3" failures="0" timestamp="10 Jun 2018 03:35:51 GMT" time="0.015" errors="0">
  <testcase name="LoginAPI" time="0.003" classname="test.Login"/>
  <testcase name="APILogin" time="0.004" classname="test.Login"/>
  <testcase name="WebLogin" time="0.008" classname="test.Login"/>
</testsuite> <!-- test.Login -->
